<?xml version="1.0" encoding="UTF-8"?>
<testsuite xmlns:xsi="http://www.w3.org/2001/XMLSchema-instance" xsi:noNamespaceSchemaLocation="https://maven.apache.org/surefire/maven-surefire-plugin/xsd/surefire-test-report-3.0.xsd" version="3.0" name="be.ugent.devops.services.logic.FactionLogicClericTest" time="0.005" tests="5" errors="0" skipped="0" failures="0">
  <properties>
[...]
</properties>
  <testcase name="ClericHeal" classname="be.ugent.devops.services.logic.FactionLogicClericTest" time="0.001">
    <system-out><![CDATA[18:11:32.552 [main] INFO  b.u.d.s.logic.FactionLogicImpl - Prometheus server started
18:11:32.553 [main] INFO  b.u.d.s.logic.FactionLogicImpl - A cleric should heal a nearby ally unit if it is low on health (health < 3)
18:11:32.554 [main] INFO  b.u.d.s.logic.FactionLogicImpl - Success! Cleric healed the nearby ally unit.
]]></system-out>
  </testcase>
  <testcase name="ClericAttack" classname="be.ugent.devops.services.logic.FactionLogicClericTest" time="0.001">
    <system-out><![CDATA[18:11:32.555 [main] INFO  b.u.d.s.logic.FactionLogicImpl - If there is an enemy and an ally with high health (health > 3) nearby the cleric should attack.
18:11:32.555 [main] INFO  b.u.d.s.logic.FactionLogicImpl - Success! Cleric attacked the nearby enemy unit.
]]></system-out>
  </testcase>
  <testcase name="ClericConvert" classname="be.ugent.devops.services.logic.FactionLogicClericTest" time="0">
    <system-out><![CDATA[18:11:32.555 [main] INFO  b.u.d.s.logic.FactionLogicImpl - If there is no ally nearby, he has a defensive bonus and there is an enemy unit nearby, a cleric should convert the enemy unit.
18:11:32.555 [main] INFO  b.u.d.s.logic.FactionLogicImpl - Success! Cleric converted the nearby enemy unit.
]]></system-out>
  </testcase>
  <testcase name="ClericTravel" classname="be.ugent.devops.services.logic.FactionLogicClericTest" time="0.001">
    <system-out><![CDATA[18:11:32.556 [main] INFO  b.u.d.s.logic.FactionLogicImpl - If there is no enemy or ally nearby a cleric should travel.
1
18:11:32.556 [main] INFO  b.u.d.s.logic.FactionLogicImpl - Success! Cleric traveled.
]]></system-out>
  </testcase>
  <testcase name="ClericDefenseBonus" classname="be.ugent.devops.services.logic.FactionLogicClericTest" time="0.001">
    <system-out><![CDATA[18:11:32.556 [main] INFO  b.u.d.s.logic.FactionLogicImpl - If a cleric does not have a defensive bonus he should prepare his defenses.
18:11:32.557 [main] INFO  b.u.d.s.logic.FactionLogicImpl - Success! Cleric prepared his defenses.
]]></system-out>
  </testcase>
</testsuite>